InnoDB: The first specified data file .\ibdata1 did not exist:
InnoDB: a new database to be created!
230916 10:11:31  InnoDB: Setting file .\ibdata1 size to 10 MB
InnoDB: Database physically writes the file full: wait...
230916 10:11:31  InnoDB: Log file .\ib_logfile0 did not exist: new to be created
InnoDB: Setting log file .\ib_logfile0 size to 10 MB
InnoDB: Database physically writes the file full: wait...
230916 10:11:31  InnoDB: Log file .\ib_logfile1 did not exist: new to be created
InnoDB: Setting log file .\ib_logfile1 size to 10 MB
InnoDB: Database physically writes the file full: wait...
InnoDB: Doublewrite buffer not found: creating new
InnoDB: Doublewrite buffer created
InnoDB: Creating foreign key constraint system tables
InnoDB: Foreign key constraint system tables created
230916 10:11:32  InnoDB: Started; log sequence number 0 0
230916 10:11:32 [Note] wampmysqld: ready for connections.
Version: '5.0.45-community-nt'  socket: ''  port: 3306  MySQL Community Edition (GPL)
231218  6:55:58  InnoDB: Database was not shut down normally!
InnoDB: Starting crash recovery.
InnoDB: Reading tablespace information from the .ibd files...
InnoDB: Restoring possible half-written data pages from the doublewrite
InnoDB: buffer...
231218  6:55:58  InnoDB: Starting log scan based on checkpoint at
InnoDB: log sequence number 0 45961.
InnoDB: Doing recovery: scanned up to log sequence number 0 45961
231218  6:55:59  InnoDB: Started; log sequence number 0 45961
231218  6:55:59 [Note] wampmysqld: ready for connections.
Version: '5.0.45-community-nt'  socket: ''  port: 3306  MySQL Community Edition (GPL)
